  gyroscope.cpp
C:\Users\1204k\Godot c++\godot-cpp\include\godot_cpp\core\math.hpp(791,16): warning C4244: return: преобразование "double" в "float", возможна потеря данных
C:\Users\1204k\Godot c++\godot-cpp\include\godot_cpp\core\math.hpp(796,11): warning C4244: инициализация: преобразование "double" в "float", возможна потеря данных
C:\Users\1204k\Godot c++\godot-cpp\include\godot_cpp\variant\vector3.hpp(268,13): warning C4244: инициализация: преобразование "double" в "real_t", возможна потеря данных
C:\Users\1204k\Godot c++\godot-cpp\include\godot_cpp\variant\vector3.hpp(375,17): warning C4244: аргумент: преобразование "const double" в "const real_t", возможна потеря данных
C:\Users\1204k\Godot c++\godot-cpp\include\godot_cpp\variant\vector3.hpp(379,17): warning C4244: аргумент: преобразование "const int32_t" в "const real_t", возможна потеря данных
C:\Users\1204k\Godot c++\godot-cpp\include\godot_cpp\variant\vector3.hpp(383,17): warning C4244: аргумент: преобразование "const int64_t" в "const real_t", возможна потеря данных
C:\Users\1204k\Godot c++\godot-cpp\include\godot_cpp\variant\vector2.hpp(284,13): warning C4244: инициализация: преобразование "double" в "real_t", возможна потеря данных
C:\Users\1204k\Godot c++\godot-cpp\include\godot_cpp\variant\vector2.hpp(307,17): warning C4244: аргумент: преобразование "const double" в "const real_t", возможна потеря данных
C:\Users\1204k\Godot c++\godot-cpp\include\godot_cpp\variant\vector2.hpp(311,17): warning C4244: аргумент: преобразование "const int32_t" в "const real_t", возможна потеря данных
C:\Users\1204k\Godot c++\godot-cpp\include\godot_cpp\variant\vector2.hpp(315,17): warning C4244: аргумент: преобразование "const int64_t" в "const real_t", возможна потеря данных
C:\Users\1204k\Godot c++\godot-cpp\include\godot_cpp\variant\vector2i.hpp(142,20): warning C4244: аргумент: преобразование "const int64_t" в "const int32_t", возможна потеря данных
C:\Users\1204k\Godot c++\godot-cpp\include\godot_cpp\variant\vector2i.hpp(146,20): warning C4244: аргумент: преобразование "const float" в "const int32_t", возможна потеря данных
C:\Users\1204k\Godot c++\godot-cpp\include\godot_cpp\variant\vector2i.hpp(150,20): warning C4244: аргумент: преобразование "const double" в "const int32_t", возможна потеря данных
C:\Users\1204k\Godot c++\godot-cpp\include\godot_cpp\variant\vector3i.hpp(222,20): warning C4244: аргумент: преобразование "const int64_t" в "const int32_t", возможна потеря данных
C:\Users\1204k\Godot c++\godot-cpp\include\godot_cpp\variant\vector3i.hpp(226,20): warning C4244: аргумент: преобразование "const float" в "const int32_t", возможна потеря данных
C:\Users\1204k\Godot c++\godot-cpp\include\godot_cpp\variant\vector3i.hpp(230,20): warning C4244: аргумент: преобразование "const double" в "const int32_t", возможна потеря данных
C:\Users\1204k\Godot c++\godot-cpp\include\godot_cpp\variant\vector4.hpp(297,17): warning C4244: аргумент: преобразование "const double" в "const real_t", возможна потеря данных
C:\Users\1204k\Godot c++\godot-cpp\include\godot_cpp\variant\vector4.hpp(301,17): warning C4244: аргумент: преобразование "const int32_t" в "const real_t", возможна потеря данных
C:\Users\1204k\Godot c++\godot-cpp\include\godot_cpp\variant\vector4.hpp(305,17): warning C4244: аргумент: преобразование "const int64_t" в "const real_t", возможна потеря данных
C:\Users\1204k\Godot c++\godot-cpp\include\godot_cpp\variant\vector4i.hpp(232,20): warning C4244: аргумент: преобразование "const int64_t" в "const int32_t", возможна потеря данных
C:\Users\1204k\Godot c++\godot-cpp\include\godot_cpp\variant\vector4i.hpp(236,20): warning C4244: аргумент: преобразование "const float" в "const int32_t", возможна потеря данных
C:\Users\1204k\Godot c++\godot-cpp\include\godot_cpp\variant\vector4i.hpp(240,20): warning C4244: аргумент: преобразование "const double" в "const int32_t", возможна потеря данных
C:\Users\1204k\Godot c++\godot-cpp\include\godot_cpp\variant\projection.hpp(101,26): warning C4244: return: преобразование "double" в "real_t", возможна потеря данных
C:\Users\1204k\Godot c++\godot-cpp\include\godot_cpp\core\type_info.hpp(223,28): warning C4244: аргумент: преобразование "int64_t" в "int", возможна потеря данных
C:\Users\1204k\Godot c++\godot-cpp\include\godot_cpp\core\type_info.hpp(223,60): warning C4244: аргумент: преобразование "int64_t" в "int", возможна потеря данных
C:\Users\1204k\Godot c++\godot-cpp\include\godot_cpp\core\math.hpp(66,13): warning C4244: return: преобразование "float" в "const T", возможна потеря данных
          with
          [
              T=int32_t
          ]
C:\Users\1204k\Godot c++\godot-cpp\include\godot_cpp\variant\vector2i.hpp(121,42): message : выполняется компиляция ссылки на экземпляр шаблон функции "const T godot::SIGN<int32_t>(const T)"
          with
          [
              T=int32_t
          ]
  gyroscope.vcxproj -> C:\Users\1204k\Godot c++\x64\Debug\gyroscope.dll
